2018-10-06 14:25:08,745   /home/pi/oprint/bin/python2 -m pip install https://github.com/foosel/OctoPrint/archive/1.3.9.zip
2018-10-06 14:25:11,843 > Collecting https://github.com/foosel/OctoPrint/archive/1.3.9.zip
2018-10-06 14:25:13,015 > Downloading https://github.com/foosel/OctoPrint/archive/1.3.9.zip (5.0MB)
2018-10-06 14:25:21,452 > Requirement already satisfied: flask<0.11,>=0.10.1 in /home/pi/oprint/lib/python2.7/site-packages (from OctoPrint==1.3.9)
2018-10-06 14:25:21,454 > Requirement already satisfied: Jinja2<2.9,>=2.8.1 in /home/pi/oprint/lib/python2.7/site-packages (from OctoPrint==1.3.9)
2018-10-06 14:25:21,455 > Requirement already satisfied: werkzeug<0.9,>=0.8.3 in /home/pi/oprint/lib/python2.7/site-packages (from OctoPrint==1.3.9)
2018-10-06 14:25:21,456 > Collecting tornado==4.5.3 (from OctoPrint==1.3.9)
2018-10-06 14:25:23,874 > Downloading https://files.pythonhosted.org/packages/e3/7b/e29ab3d51c8df66922fea216e2bddfcb6430fb29620e5165b16a216e0d3c/tornado-4.5.3.tar.gz (484kB)
2018-10-06 14:25:27,747 > Requirement already satisfied: PyYAML<3.11,>=3.10 in /home/pi/oprint/lib/python2.7/site-packages (from OctoPrint==1.3.9)
2018-10-06 14:25:27,749 > Requirement already satisfied: Flask-Login<0.3,>=0.2.11 in /home/pi/oprint/lib/python2.7/site-packages (from OctoPrint==1.3.9)
2018-10-06 14:25:27,750 > Requirement already satisfied: Flask-Principal<0.4,>=0.3.5 in /home/pi/oprint/lib/python2.7/site-packages (from OctoPrint==1.3.9)
2018-10-06 14:25:27,751 > Requirement already satisfied: Flask-Babel<0.10,>=0.9 in /home/pi/oprint/lib/python2.7/site-packages (from OctoPrint==1.3.9)
2018-10-06 14:25:27,752 > Requirement already satisfied: Flask-Assets<0.11,>=0.10 in /home/pi/oprint/lib/python2.7/site-packages (from OctoPrint==1.3.9)
2018-10-06 14:25:27,753 > Requirement already satisfied: markdown<2.7,>=2.6.9 in /home/pi/oprint/lib/python2.7/site-packages (from OctoPrint==1.3.9)
2018-10-06 14:25:27,754 > Requirement already satisfied: pyserial<3.5,>=3.4 in /home/pi/oprint/lib/python2.7/site-packages (from OctoPrint==1.3.9)
2018-10-06 14:25:27,755 > Requirement already satisfied: netaddr<0.8,>=0.7.19 in /home/pi/oprint/lib/python2.7/site-packages (from OctoPrint==1.3.9)
2018-10-06 14:25:27,755 > Requirement already satisfied: watchdog<0.9,>=0.8.3 in /home/pi/oprint/lib/python2.7/site-packages (from OctoPrint==1.3.9)
2018-10-06 14:25:27,756 > Requirement already satisfied: sarge==0.1.4 in /home/pi/oprint/lib/python2.7/site-packages (from OctoPrint==1.3.9)
2018-10-06 14:25:27,757 > Requirement already satisfied: netifaces<0.11,>=0.10.6 in /home/pi/oprint/lib/python2.7/site-packages (from OctoPrint==1.3.9)
2018-10-06 14:25:27,757 > Requirement already satisfied: pylru<1.1,>=1.0.9 in /home/pi/oprint/lib/python2.7/site-packages (from OctoPrint==1.3.9)
2018-10-06 14:25:27,758 > Requirement already satisfied: rsa<3.3,>=3.2.3 in /home/pi/oprint/lib/python2.7/site-packages (from OctoPrint==1.3.9)
2018-10-06 14:25:27,758 > Collecting pkginfo<1.5,>=1.4.2 (from OctoPrint==1.3.9)
2018-10-06 14:25:27,759 > Downloading https://files.pythonhosted.org/packages/a3/fe/f32a48d48f40a7209be9825fba2566cab92364787cf37de2e08300dd6ce7/pkginfo-1.4.2-py2.py3-none-any.whl
2018-10-06 14:25:27,760 > Requirement already satisfied: requests<3,>=2.18.4 in /home/pi/oprint/lib/python2.7/site-packages (from OctoPrint==1.3.9)
2018-10-06 14:25:27,760 > Requirement already satisfied: semantic_version<2.5,>=2.4.2 in /home/pi/oprint/lib/python2.7/site-packages (from OctoPrint==1.3.9)
2018-10-06 14:25:27,761 > Collecting psutil<5.5,>=5.4.6 (from OctoPrint==1.3.9)
2018-10-06 14:25:30,082 > Downloading https://files.pythonhosted.org/packages/7d/9a/1e93d41708f8ed2b564395edfa3389f0fd6d567597401c2e5e2775118d8b/psutil-5.4.7.tar.gz (420kB)
2018-10-06 14:25:34,835 > Requirement already satisfied: Click<6.3,>=6.2 in /home/pi/oprint/lib/python2.7/site-packages (from OctoPrint==1.3.9)
2018-10-06 14:25:34,836 > Requirement already satisfied: awesome-slugify<1.7,>=1.6.5 in /home/pi/oprint/lib/python2.7/site-packages (from OctoPrint==1.3.9)
2018-10-06 14:25:34,837 > Requirement already satisfied: feedparser<5.3,>=5.2.1 in /home/pi/oprint/lib/python2.7/site-packages (from OctoPrint==1.3.9)
2018-10-06 14:25:34,837 > Requirement already satisfied: chainmap<1.1,>=1.0.2 in /home/pi/oprint/lib/python2.7/site-packages (from OctoPrint==1.3.9)
2018-10-06 14:25:34,837 > Requirement already satisfied: future<0.16,>=0.15.2 in /home/pi/oprint/lib/python2.7/site-packages (from OctoPrint==1.3.9)
2018-10-06 14:25:34,838 > Requirement already satisfied: scandir<1.4,>=1.3 in /home/pi/oprint/lib/python2.7/site-packages (from OctoPrint==1.3.9)
2018-10-06 14:25:34,838 > Requirement already satisfied: websocket-client<0.41,>=0.40.0 in /home/pi/oprint/lib/python2.7/site-packages (from OctoPrint==1.3.9)
2018-10-06 14:25:34,838 > Requirement already satisfied: python-dateutil<2.7,>=2.6.1 in /home/pi/oprint/lib/python2.7/site-packages (from OctoPrint==1.3.9)
2018-10-06 14:25:34,839 > Requirement already satisfied: wrapt<1.11,>=1.10.11 in /home/pi/oprint/lib/python2.7/site-packages (from OctoPrint==1.3.9)
2018-10-06 14:25:34,839 > Requirement already satisfied: futures<3.2,>=3.1.1 in /home/pi/oprint/lib/python2.7/site-packages (from OctoPrint==1.3.9)
2018-10-06 14:25:34,839 > Requirement already satisfied: emoji<0.5,>=0.4.5 in /home/pi/oprint/lib/python2.7/site-packages (from OctoPrint==1.3.9)
2018-10-06 14:25:34,840 > Requirement already satisfied: monotonic<1.4,>=1.3 in /home/pi/oprint/lib/python2.7/site-packages (from OctoPrint==1.3.9)
2018-10-06 14:25:34,840 > Requirement already satisfied: frozendict<1.3,>=1.2 in /home/pi/oprint/lib/python2.7/site-packages (from OctoPrint==1.3.9)
2018-10-06 14:25:34,840 > Requirement already satisfied: itsdangerous>=0.21 in /home/pi/oprint/lib/python2.7/site-packages (from flask<0.11,>=0.10.1->OctoPrint==1.3.9)
2018-10-06 14:25:34,841 > Requirement already satisfied: MarkupSafe in /home/pi/oprint/lib/python2.7/site-packages (from Jinja2<2.9,>=2.8.1->OctoPrint==1.3.9)
2018-10-06 14:25:34,841 > Collecting singledispatch (from tornado==4.5.3->OctoPrint==1.3.9)
2018-10-06 14:25:34,842 > Downloading https://files.pythonhosted.org/packages/c5/10/369f50bcd4621b263927b0a1519987a04383d4a98fb10438042ad410cf88/singledispatch-3.4.0.3-py2.py3-none-any.whl
2018-10-06 14:25:34,842 > Requirement already satisfied: certifi in /home/pi/oprint/lib/python2.7/site-packages (from tornado==4.5.3->OctoPrint==1.3.9)
2018-10-06 14:25:34,843 > Collecting backports_abc>=0.4 (from tornado==4.5.3->OctoPrint==1.3.9)
2018-10-06 14:25:36,069 > Downloading https://files.pythonhosted.org/packages/7d/56/6f3ac1b816d0cd8994e83d0c4e55bc64567532f7dc543378bd87f81cebc7/backports_abc-0.5-py2.py3-none-any.whl
2018-10-06 14:25:36,070 > Requirement already satisfied: blinker in /home/pi/oprint/lib/python2.7/site-packages (from Flask-Principal<0.4,>=0.3.5->OctoPrint==1.3.9)
2018-10-06 14:25:36,070 > Requirement already satisfied: Babel>=1.0 in /home/pi/oprint/lib/python2.7/site-packages (from Flask-Babel<0.10,>=0.9->OctoPrint==1.3.9)
2018-10-06 14:25:36,071 > Requirement already satisfied: speaklater>=1.2 in /home/pi/oprint/lib/python2.7/site-packages (from Flask-Babel<0.10,>=0.9->OctoPrint==1.3.9)
2018-10-06 14:25:36,071 > Requirement already satisfied: webassets>=0.10 in /home/pi/oprint/lib/python2.7/site-packages (from Flask-Assets<0.11,>=0.10->OctoPrint==1.3.9)
2018-10-06 14:25:36,071 > Requirement already satisfied: argh>=0.24.1 in /home/pi/oprint/lib/python2.7/site-packages (from watchdog<0.9,>=0.8.3->OctoPrint==1.3.9)
2018-10-06 14:25:36,072 > Requirement already satisfied: pathtools>=0.1.1 in /home/pi/oprint/lib/python2.7/site-packages (from watchdog<0.9,>=0.8.3->OctoPrint==1.3.9)
2018-10-06 14:25:36,072 > Requirement already satisfied: pyasn1>=0.1.3 in /home/pi/oprint/lib/python2.7/site-packages (from rsa<3.3,>=3.2.3->OctoPrint==1.3.9)
2018-10-06 14:25:36,073 > Requirement already satisfied: urllib3<1.23,>=1.21.1 in /home/pi/oprint/lib/python2.7/site-packages (from requests<3,>=2.18.4->OctoPrint==1.3.9)
2018-10-06 14:25:36,073 > Requirement already satisfied: idna<2.7,>=2.5 in /home/pi/oprint/lib/python2.7/site-packages (from requests<3,>=2.18.4->OctoPrint==1.3.9)
2018-10-06 14:25:36,074 > Requirement already satisfied: chardet<3.1.0,>=3.0.2 in /home/pi/oprint/lib/python2.7/site-packages (from requests<3,>=2.18.4->OctoPrint==1.3.9)
2018-10-06 14:25:36,074 > Requirement already satisfied: Unidecode<0.05,>=0.04.14 in /home/pi/oprint/lib/python2.7/site-packages (from awesome-slugify<1.7,>=1.6.5->OctoPrint==1.3.9)
2018-10-06 14:25:36,074 > Requirement already satisfied: regex in /home/pi/oprint/lib/python2.7/site-packages (from awesome-slugify<1.7,>=1.6.5->OctoPrint==1.3.9)
2018-10-06 14:25:36,075 > Requirement already satisfied: six in /home/pi/oprint/lib/python2.7/site-packages (from websocket-client<0.41,>=0.40.0->OctoPrint==1.3.9)
2018-10-06 14:25:36,075 > Requirement already satisfied: pytz>=0a in /home/pi/oprint/lib/python2.7/site-packages (from Babel>=1.0->Flask-Babel<0.10,>=0.9->OctoPrint==1.3.9)
2018-10-06 14:25:36,076 > Building wheels for collected packages: tornado, psutil
2018-10-06 14:25:36,076 > Running setup.py bdist_wheel for tornado: started
2018-10-06 14:25:41,199 > Running setup.py bdist_wheel for tornado: finished with status 'done'
2018-10-06 14:25:41,200 > Stored in directory: /home/pi/.cache/pip/wheels/72/bf/f4/b68fa69596986881b397b18ff2b9af5f8181233aadcc9f76fd
2018-10-06 14:25:41,200 > Running setup.py bdist_wheel for psutil: started
2018-10-06 14:25:49,902 > Running setup.py bdist_wheel for psutil: finished with status 'done'
2018-10-06 14:25:49,903 > Stored in directory: /home/pi/.cache/pip/wheels/e2/9d/ea/1913d16f19bb927c32197308dec69cd8d10b61be8f7e265524
2018-10-06 14:25:49,904 > Successfully built tornado psutil
2018-10-06 14:25:49,904 > Installing collected packages: singledispatch, backports-abc, tornado, pkginfo, psutil, OctoPrint
2018-10-06 14:25:49,904 > Found existing installation: tornado 4.0.2
2018-10-06 14:25:49,905 > Uninstalling tornado-4.0.2:
2018-10-06 14:25:49,905 > Successfully uninstalled tornado-4.0.2
2018-10-06 14:25:51,909 > Found existing installation: pkginfo 1.2.1
2018-10-06 14:25:51,910 > Uninstalling pkginfo-1.2.1:
2018-10-06 14:25:51,911 > Successfully uninstalled pkginfo-1.2.1
2018-10-06 14:25:51,911 > Found existing installation: psutil 5.4.3
2018-10-06 14:25:51,912 > Uninstalling psutil-5.4.3:
2018-10-06 14:25:51,912 > Successfully uninstalled psutil-5.4.3
2018-10-06 14:25:53,645 > Found existing installation: OctoPrint 1.3.8
2018-10-06 14:25:53,647 > Uninstalling OctoPrint-1.3.8:
2018-10-06 14:25:53,647 > Successfully uninstalled OctoPrint-1.3.8
2018-10-06 14:25:53,648 > Running setup.py install for OctoPrint: started
2018-10-06 14:25:59,158 > Running setup.py install for OctoPrint: finished with status 'done'
2018-10-06 14:26:01,164 > Successfully installed OctoPrint-1.3.9 backports-abc-0.5 pkginfo-1.4.2 psutil-5.4.7 singledispatch-3.4.0.3 tornado-4.5.3
2018-10-06 14:26:01,166 ! You are using pip version 9.0.3, however version 18.1 is available.
2018-10-06 14:26:01,167 ! You should consider upgrading via the 'pip install --upgrade pip' command.
2018-11-04 14:30:55,190   /home/pi/oprint/bin/python2 -m pip install https://github.com/jneilliii/OctoPrint-TPLinkSmartplug/archive/0.9.7.zip --no-cache-dir
2018-11-04 14:30:58,252 > Looking in indexes: https://pypi.org/simple, https://www.piwheels.org/simple
2018-11-04 14:30:58,254 > Collecting https://github.com/jneilliii/OctoPrint-TPLinkSmartplug/archive/0.9.7.zip
2018-11-04 14:30:59,256 > Downloading https://github.com/jneilliii/OctoPrint-TPLinkSmartplug/archive/0.9.7.zip
2018-11-04 14:31:02,957 > Requirement already satisfied: OctoPrint in /home/pi/oprint/lib/python2.7/site-packages (from OctoPrint-TPLinkSmartplug==0.9.7) (1.3.9)
2018-11-04 14:31:02,957 > Requirement already satisfied: flask<0.11,>=0.10.1 in /home/pi/oprint/lib/python2.7/site-packages (from OctoPrint->OctoPrint-TPLinkSmartplug==0.9.7) (0.10.1)
2018-11-04 14:31:02,958 > Requirement already satisfied: Jinja2<2.9,>=2.8.1 in /home/pi/oprint/lib/python2.7/site-packages (from OctoPrint->OctoPrint-TPLinkSmartplug==0.9.7) (2.8.1)
2018-11-04 14:31:02,958 > Requirement already satisfied: werkzeug<0.9,>=0.8.3 in /home/pi/oprint/lib/python2.7/site-packages (from OctoPrint->OctoPrint-TPLinkSmartplug==0.9.7) (0.8.3)
2018-11-04 14:31:02,959 > Requirement already satisfied: tornado==4.5.3 in /home/pi/oprint/lib/python2.7/site-packages (from OctoPrint->OctoPrint-TPLinkSmartplug==0.9.7) (4.5.3)
2018-11-04 14:31:02,959 > Requirement already satisfied: PyYAML<3.11,>=3.10 in /home/pi/oprint/lib/python2.7/site-packages (from OctoPrint->OctoPrint-TPLinkSmartplug==0.9.7) (3.10)
2018-11-04 14:31:02,959 > Requirement already satisfied: Flask-Login<0.3,>=0.2.11 in /home/pi/oprint/lib/python2.7/site-packages (from OctoPrint->OctoPrint-TPLinkSmartplug==0.9.7) (0.2.11)
2018-11-04 14:31:02,960 > Requirement already satisfied: Flask-Principal<0.4,>=0.3.5 in /home/pi/oprint/lib/python2.7/site-packages (from OctoPrint->OctoPrint-TPLinkSmartplug==0.9.7) (0.3.5)
2018-11-04 14:31:02,960 > Requirement already satisfied: Flask-Babel<0.10,>=0.9 in /home/pi/oprint/lib/python2.7/site-packages (from OctoPrint->OctoPrint-TPLinkSmartplug==0.9.7) (0.9)
2018-11-04 14:31:02,961 > Requirement already satisfied: Flask-Assets<0.11,>=0.10 in /home/pi/oprint/lib/python2.7/site-packages (from OctoPrint->OctoPrint-TPLinkSmartplug==0.9.7) (0.10)
2018-11-04 14:31:02,961 > Requirement already satisfied: markdown<2.7,>=2.6.9 in /home/pi/oprint/lib/python2.7/site-packages (from OctoPrint->OctoPrint-TPLinkSmartplug==0.9.7) (2.6.11)
2018-11-04 14:31:02,961 > Requirement already satisfied: pyserial<3.5,>=3.4 in /home/pi/oprint/lib/python2.7/site-packages (from OctoPrint->OctoPrint-TPLinkSmartplug==0.9.7) (3.4)
2018-11-04 14:31:02,962 > Requirement already satisfied: netaddr<0.8,>=0.7.19 in /home/pi/oprint/lib/python2.7/site-packages (from OctoPrint->OctoPrint-TPLinkSmartplug==0.9.7) (0.7.19)
2018-11-04 14:31:02,962 > Requirement already satisfied: watchdog<0.9,>=0.8.3 in /home/pi/oprint/lib/python2.7/site-packages (from OctoPrint->OctoPrint-TPLinkSmartplug==0.9.7) (0.8.3)
2018-11-04 14:31:02,962 > Requirement already satisfied: sarge==0.1.4 in /home/pi/oprint/lib/python2.7/site-packages (from OctoPrint->OctoPrint-TPLinkSmartplug==0.9.7) (0.1.4)
2018-11-04 14:31:02,963 > Requirement already satisfied: netifaces<0.11,>=0.10.6 in /home/pi/oprint/lib/python2.7/site-packages (from OctoPrint->OctoPrint-TPLinkSmartplug==0.9.7) (0.10.7)
2018-11-04 14:31:02,963 > Requirement already satisfied: pylru<1.1,>=1.0.9 in /home/pi/oprint/lib/python2.7/site-packages (from OctoPrint->OctoPrint-TPLinkSmartplug==0.9.7) (1.0.9)
2018-11-04 14:31:02,963 > Requirement already satisfied: rsa<3.3,>=3.2.3 in /home/pi/oprint/lib/python2.7/site-packages (from OctoPrint->OctoPrint-TPLinkSmartplug==0.9.7) (3.2.3)
2018-11-04 14:31:02,964 > Requirement already satisfied: pkginfo<1.5,>=1.4.2 in /home/pi/oprint/lib/python2.7/site-packages (from OctoPrint->OctoPrint-TPLinkSmartplug==0.9.7) (1.4.2)
2018-11-04 14:31:02,964 > Requirement already satisfied: requests<3,>=2.18.4 in /home/pi/oprint/lib/python2.7/site-packages (from OctoPrint->OctoPrint-TPLinkSmartplug==0.9.7) (2.18.4)
2018-11-04 14:31:02,965 > Requirement already satisfied: semantic_version<2.5,>=2.4.2 in /home/pi/oprint/lib/python2.7/site-packages (from OctoPrint->OctoPrint-TPLinkSmartplug==0.9.7) (2.4.2)
2018-11-04 14:31:02,965 > Requirement already satisfied: psutil<5.5,>=5.4.6 in /home/pi/oprint/lib/python2.7/site-packages (from OctoPrint->OctoPrint-TPLinkSmartplug==0.9.7) (5.4.7)
2018-11-04 14:31:02,965 > Requirement already satisfied: Click<6.3,>=6.2 in /home/pi/oprint/lib/python2.7/site-packages (from OctoPrint->OctoPrint-TPLinkSmartplug==0.9.7) (6.2)
2018-11-04 14:31:02,966 > Requirement already satisfied: awesome-slugify<1.7,>=1.6.5 in /home/pi/oprint/lib/python2.7/site-packages (from OctoPrint->OctoPrint-TPLinkSmartplug==0.9.7) (1.6.5)
2018-11-04 14:31:02,966 > Requirement already satisfied: feedparser<5.3,>=5.2.1 in /home/pi/oprint/lib/python2.7/site-packages (from OctoPrint->OctoPrint-TPLinkSmartplug==0.9.7) (5.2.1)
2018-11-04 14:31:02,966 > Requirement already satisfied: chainmap<1.1,>=1.0.2 in /home/pi/oprint/lib/python2.7/site-packages (from OctoPrint->OctoPrint-TPLinkSmartplug==0.9.7) (1.0.2)
2018-11-04 14:31:02,967 > Requirement already satisfied: future<0.16,>=0.15.2 in /home/pi/oprint/lib/python2.7/site-packages (from OctoPrint->OctoPrint-TPLinkSmartplug==0.9.7) (0.15.2)
2018-11-04 14:31:02,967 > Requirement already satisfied: scandir<1.4,>=1.3 in /home/pi/oprint/lib/python2.7/site-packages (from OctoPrint->OctoPrint-TPLinkSmartplug==0.9.7) (1.3)
2018-11-04 14:31:02,967 > Requirement already satisfied: websocket-client<0.41,>=0.40.0 in /home/pi/oprint/lib/python2.7/site-packages (from OctoPrint->OctoPrint-TPLinkSmartplug==0.9.7) (0.40.0)
2018-11-04 14:31:02,968 > Requirement already satisfied: python-dateutil<2.7,>=2.6.1 in /home/pi/oprint/lib/python2.7/site-packages (from OctoPrint->OctoPrint-TPLinkSmartplug==0.9.7) (2.6.1)
2018-11-04 14:31:02,968 > Requirement already satisfied: wrapt<1.11,>=1.10.11 in /home/pi/oprint/lib/python2.7/site-packages (from OctoPrint->OctoPrint-TPLinkSmartplug==0.9.7) (1.10.11)
2018-11-04 14:31:02,968 > Requirement already satisfied: futures<3.2,>=3.1.1 in /home/pi/oprint/lib/python2.7/site-packages (from OctoPrint->OctoPrint-TPLinkSmartplug==0.9.7) (3.1.1)
2018-11-04 14:31:02,969 > Requirement already satisfied: emoji<0.5,>=0.4.5 in /home/pi/oprint/lib/python2.7/site-packages (from OctoPrint->OctoPrint-TPLinkSmartplug==0.9.7) (0.4.5)
2018-11-04 14:31:02,969 > Requirement already satisfied: monotonic<1.4,>=1.3 in /home/pi/oprint/lib/python2.7/site-packages (from OctoPrint->OctoPrint-TPLinkSmartplug==0.9.7) (1.3)
2018-11-04 14:31:02,969 > Requirement already satisfied: frozendict<1.3,>=1.2 in /home/pi/oprint/lib/python2.7/site-packages (from OctoPrint->OctoPrint-TPLinkSmartplug==0.9.7) (1.2)
2018-11-04 14:31:02,970 > Requirement already satisfied: itsdangerous>=0.21 in /home/pi/oprint/lib/python2.7/site-packages (from flask<0.11,>=0.10.1->OctoPrint->OctoPrint-TPLinkSmartplug==0.9.7) (0.24)
2018-11-04 14:31:02,970 > Requirement already satisfied: MarkupSafe in /home/pi/oprint/lib/python2.7/site-packages (from Jinja2<2.9,>=2.8.1->OctoPrint->OctoPrint-TPLinkSmartplug==0.9.7) (1.0)
2018-11-04 14:31:02,970 > Requirement already satisfied: singledispatch in /home/pi/oprint/lib/python2.7/site-packages (from tornado==4.5.3->OctoPrint->OctoPrint-TPLinkSmartplug==0.9.7) (3.4.0.3)
2018-11-04 14:31:02,971 > Requirement already satisfied: certifi in /home/pi/oprint/lib/python2.7/site-packages (from tornado==4.5.3->OctoPrint->OctoPrint-TPLinkSmartplug==0.9.7) (2018.4.16)
2018-11-04 14:31:02,971 > Requirement already satisfied: backports-abc>=0.4 in /home/pi/oprint/lib/python2.7/site-packages (from tornado==4.5.3->OctoPrint->OctoPrint-TPLinkSmartplug==0.9.7) (0.5)
2018-11-04 14:31:02,971 > Requirement already satisfied: blinker in /home/pi/oprint/lib/python2.7/site-packages (from Flask-Principal<0.4,>=0.3.5->OctoPrint->OctoPrint-TPLinkSmartplug==0.9.7) (1.4)
2018-11-04 14:31:02,972 > Requirement already satisfied: Babel>=1.0 in /home/pi/oprint/lib/python2.7/site-packages (from Flask-Babel<0.10,>=0.9->OctoPrint->OctoPrint-TPLinkSmartplug==0.9.7) (2.5.3)
2018-11-04 14:31:02,972 > Requirement already satisfied: speaklater>=1.2 in /home/pi/oprint/lib/python2.7/site-packages (from Flask-Babel<0.10,>=0.9->OctoPrint->OctoPrint-TPLinkSmartplug==0.9.7) (1.3)
2018-11-04 14:31:02,972 > Requirement already satisfied: webassets>=0.10 in /home/pi/oprint/lib/python2.7/site-packages (from Flask-Assets<0.11,>=0.10->OctoPrint->OctoPrint-TPLinkSmartplug==0.9.7) (0.12.1)
2018-11-04 14:31:02,973 > Requirement already satisfied: argh>=0.24.1 in /home/pi/oprint/lib/python2.7/site-packages (from watchdog<0.9,>=0.8.3->OctoPrint->OctoPrint-TPLinkSmartplug==0.9.7) (0.26.2)
2018-11-04 14:31:02,973 > Requirement already satisfied: pathtools>=0.1.1 in /home/pi/oprint/lib/python2.7/site-packages (from watchdog<0.9,>=0.8.3->OctoPrint->OctoPrint-TPLinkSmartplug==0.9.7) (0.1.2)
2018-11-04 14:31:02,974 > Requirement already satisfied: pyasn1>=0.1.3 in /home/pi/oprint/lib/python2.7/site-packages (from rsa<3.3,>=3.2.3->OctoPrint->OctoPrint-TPLinkSmartplug==0.9.7) (0.4.2)
2018-11-04 14:31:02,974 > Requirement already satisfied: urllib3<1.23,>=1.21.1 in /home/pi/oprint/lib/python2.7/site-packages (from requests<3,>=2.18.4->OctoPrint->OctoPrint-TPLinkSmartplug==0.9.7) (1.22)
2018-11-04 14:31:02,975 > Requirement already satisfied: idna<2.7,>=2.5 in /home/pi/oprint/lib/python2.7/site-packages (from requests<3,>=2.18.4->OctoPrint->OctoPrint-TPLinkSmartplug==0.9.7) (2.6)
2018-11-04 14:31:02,975 > Requirement already satisfied: chardet<3.1.0,>=3.0.2 in /home/pi/oprint/lib/python2.7/site-packages (from requests<3,>=2.18.4->OctoPrint->OctoPrint-TPLinkSmartplug==0.9.7) (3.0.4)
2018-11-04 14:31:02,975 > Requirement already satisfied: Unidecode<0.05,>=0.04.14 in /home/pi/oprint/lib/python2.7/site-packages (from awesome-slugify<1.7,>=1.6.5->OctoPrint->OctoPrint-TPLinkSmartplug==0.9.7) (0.4.21)
2018-11-04 14:31:02,976 > Requirement already satisfied: regex in /home/pi/oprint/lib/python2.7/site-packages (from awesome-slugify<1.7,>=1.6.5->OctoPrint->OctoPrint-TPLinkSmartplug==0.9.7) (2018.2.21)
2018-11-04 14:31:02,976 > Requirement already satisfied: six in /home/pi/oprint/lib/python2.7/site-packages (from websocket-client<0.41,>=0.40.0->OctoPrint->OctoPrint-TPLinkSmartplug==0.9.7) (1.11.0)
2018-11-04 14:31:02,976 > Requirement already satisfied: pytz>=0a in /home/pi/oprint/lib/python2.7/site-packages (from Babel>=1.0->Flask-Babel<0.10,>=0.9->OctoPrint->OctoPrint-TPLinkSmartplug==0.9.7) (2018.4)
2018-11-04 14:31:02,977 > Installing collected packages: OctoPrint-TPLinkSmartplug
2018-11-04 14:31:02,977 > Found existing installation: OctoPrint-TPLinkSmartplug 0.9.6
2018-11-04 14:31:02,977 > Uninstalling OctoPrint-TPLinkSmartplug-0.9.6:
2018-11-04 14:31:02,978 > Successfully uninstalled OctoPrint-TPLinkSmartplug-0.9.6
2018-11-04 14:31:02,978 > Running setup.py install for OctoPrint-TPLinkSmartplug: started
2018-11-04 14:31:05,309 > Running setup.py install for OctoPrint-TPLinkSmartplug: finished with status 'done'
2018-11-04 14:31:05,310 > Successfully installed OctoPrint-TPLinkSmartplug-0.9.7
