2018-11-05 16:20:17,210   /home/pi/oprint/bin/python2 -m pip uninstall --yes OctoPrint-EEprom-Repetier
2018-11-05 16:20:19,767 > Uninstalling OctoPrint-EEprom-Repetier-0.1.2:
2018-11-05 16:20:19,767 > Successfully uninstalled OctoPrint-EEprom-Repetier-0.1.2
2018-11-05 16:20:25,431   /home/pi/oprint/bin/python2 -m pip uninstall --yes OctoPrint-EEprom-Marlin
2018-11-05 16:20:27,980 > Uninstalling OctoPrint-EEprom-Marlin-1.2.1:
2018-11-05 16:20:27,981 > Successfully uninstalled OctoPrint-EEprom-Marlin-1.2.1
2018-11-05 16:33:59,581   /home/pi/oprint/bin/python2 -m pip uninstall --yes OctoPrint-WebcamTab
2018-11-05 16:34:02,129 > Uninstalling OctoPrint-WebcamTab-0.1.2:
2018-11-05 16:34:02,129 > Successfully uninstalled OctoPrint-WebcamTab-0.1.2
2018-11-05 16:38:22,273   /home/pi/oprint/bin/python2 -m pip install https://github.com/imrahil/OctoPrint-NavbarTemp/archive/master.zip --no-cache-dir
2018-11-05 16:38:25,764 > Looking in indexes: https://pypi.org/simple, https://www.piwheels.org/simple
2018-11-05 16:38:25,765 > Collecting https://github.com/imrahil/OctoPrint-NavbarTemp/archive/master.zip
2018-11-05 16:38:25,765 > Downloading https://github.com/imrahil/OctoPrint-NavbarTemp/archive/master.zip
2018-11-05 16:38:29,827 > Requirement already satisfied: OctoPrint in /home/pi/oprint/lib/python2.7/site-packages (from OctoPrint-NavbarTemp==0.11) (1.3.9)
2018-11-05 16:38:29,907 > Requirement already satisfied: flask<0.11,>=0.10.1 in /home/pi/oprint/lib/python2.7/site-packages (from OctoPrint->OctoPrint-NavbarTemp==0.11) (0.10.1)
2018-11-05 16:38:29,908 > Requirement already satisfied: Jinja2<2.9,>=2.8.1 in /home/pi/oprint/lib/python2.7/site-packages (from OctoPrint->OctoPrint-NavbarTemp==0.11) (2.8.1)
2018-11-05 16:38:29,908 > Requirement already satisfied: werkzeug<0.9,>=0.8.3 in /home/pi/oprint/lib/python2.7/site-packages (from OctoPrint->OctoPrint-NavbarTemp==0.11) (0.8.3)
2018-11-05 16:38:29,908 > Requirement already satisfied: tornado==4.5.3 in /home/pi/oprint/lib/python2.7/site-packages (from OctoPrint->OctoPrint-NavbarTemp==0.11) (4.5.3)
2018-11-05 16:38:29,909 > Requirement already satisfied: PyYAML<3.11,>=3.10 in /home/pi/oprint/lib/python2.7/site-packages (from OctoPrint->OctoPrint-NavbarTemp==0.11) (3.10)
2018-11-05 16:38:29,909 > Requirement already satisfied: Flask-Login<0.3,>=0.2.11 in /home/pi/oprint/lib/python2.7/site-packages (from OctoPrint->OctoPrint-NavbarTemp==0.11) (0.2.11)
2018-11-05 16:38:29,909 > Requirement already satisfied: Flask-Principal<0.4,>=0.3.5 in /home/pi/oprint/lib/python2.7/site-packages (from OctoPrint->OctoPrint-NavbarTemp==0.11) (0.3.5)
2018-11-05 16:38:29,909 > Requirement already satisfied: Flask-Babel<0.10,>=0.9 in /home/pi/oprint/lib/python2.7/site-packages (from OctoPrint->OctoPrint-NavbarTemp==0.11) (0.9)
2018-11-05 16:38:29,910 > Requirement already satisfied: Flask-Assets<0.11,>=0.10 in /home/pi/oprint/lib/python2.7/site-packages (from OctoPrint->OctoPrint-NavbarTemp==0.11) (0.10)
2018-11-05 16:38:29,910 > Requirement already satisfied: markdown<2.7,>=2.6.9 in /home/pi/oprint/lib/python2.7/site-packages (from OctoPrint->OctoPrint-NavbarTemp==0.11) (2.6.11)
2018-11-05 16:38:29,910 > Requirement already satisfied: pyserial<3.5,>=3.4 in /home/pi/oprint/lib/python2.7/site-packages (from OctoPrint->OctoPrint-NavbarTemp==0.11) (3.4)
2018-11-05 16:38:29,911 > Requirement already satisfied: netaddr<0.8,>=0.7.19 in /home/pi/oprint/lib/python2.7/site-packages (from OctoPrint->OctoPrint-NavbarTemp==0.11) (0.7.19)
2018-11-05 16:38:29,911 > Requirement already satisfied: watchdog<0.9,>=0.8.3 in /home/pi/oprint/lib/python2.7/site-packages (from OctoPrint->OctoPrint-NavbarTemp==0.11) (0.8.3)
2018-11-05 16:38:29,911 > Requirement already satisfied: sarge==0.1.4 in /home/pi/oprint/lib/python2.7/site-packages (from OctoPrint->OctoPrint-NavbarTemp==0.11) (0.1.4)
2018-11-05 16:38:29,911 > Requirement already satisfied: netifaces<0.11,>=0.10.6 in /home/pi/oprint/lib/python2.7/site-packages (from OctoPrint->OctoPrint-NavbarTemp==0.11) (0.10.7)
2018-11-05 16:38:29,912 > Requirement already satisfied: pylru<1.1,>=1.0.9 in /home/pi/oprint/lib/python2.7/site-packages (from OctoPrint->OctoPrint-NavbarTemp==0.11) (1.0.9)
2018-11-05 16:38:29,912 > Requirement already satisfied: rsa<3.3,>=3.2.3 in /home/pi/oprint/lib/python2.7/site-packages (from OctoPrint->OctoPrint-NavbarTemp==0.11) (3.2.3)
2018-11-05 16:38:29,913 > Requirement already satisfied: pkginfo<1.5,>=1.4.2 in /home/pi/oprint/lib/python2.7/site-packages (from OctoPrint->OctoPrint-NavbarTemp==0.11) (1.4.2)
2018-11-05 16:38:29,913 > Requirement already satisfied: requests<3,>=2.18.4 in /home/pi/oprint/lib/python2.7/site-packages (from OctoPrint->OctoPrint-NavbarTemp==0.11) (2.18.4)
2018-11-05 16:38:29,913 > Requirement already satisfied: semantic_version<2.5,>=2.4.2 in /home/pi/oprint/lib/python2.7/site-packages (from OctoPrint->OctoPrint-NavbarTemp==0.11) (2.4.2)
2018-11-05 16:38:29,914 > Requirement already satisfied: psutil<5.5,>=5.4.6 in /home/pi/oprint/lib/python2.7/site-packages (from OctoPrint->OctoPrint-NavbarTemp==0.11) (5.4.7)
2018-11-05 16:38:29,914 > Requirement already satisfied: Click<6.3,>=6.2 in /home/pi/oprint/lib/python2.7/site-packages (from OctoPrint->OctoPrint-NavbarTemp==0.11) (6.2)
2018-11-05 16:38:29,914 > Requirement already satisfied: awesome-slugify<1.7,>=1.6.5 in /home/pi/oprint/lib/python2.7/site-packages (from OctoPrint->OctoPrint-NavbarTemp==0.11) (1.6.5)
2018-11-05 16:38:29,914 > Requirement already satisfied: feedparser<5.3,>=5.2.1 in /home/pi/oprint/lib/python2.7/site-packages (from OctoPrint->OctoPrint-NavbarTemp==0.11) (5.2.1)
2018-11-05 16:38:29,915 > Requirement already satisfied: chainmap<1.1,>=1.0.2 in /home/pi/oprint/lib/python2.7/site-packages (from OctoPrint->OctoPrint-NavbarTemp==0.11) (1.0.2)
2018-11-05 16:38:29,915 > Requirement already satisfied: future<0.16,>=0.15.2 in /home/pi/oprint/lib/python2.7/site-packages (from OctoPrint->OctoPrint-NavbarTemp==0.11) (0.15.2)
2018-11-05 16:38:29,915 > Requirement already satisfied: scandir<1.4,>=1.3 in /home/pi/oprint/lib/python2.7/site-packages (from OctoPrint->OctoPrint-NavbarTemp==0.11) (1.3)
2018-11-05 16:38:29,916 > Requirement already satisfied: websocket-client<0.41,>=0.40.0 in /home/pi/oprint/lib/python2.7/site-packages (from OctoPrint->OctoPrint-NavbarTemp==0.11) (0.40.0)
2018-11-05 16:38:29,916 > Requirement already satisfied: python-dateutil<2.7,>=2.6.1 in /home/pi/oprint/lib/python2.7/site-packages (from OctoPrint->OctoPrint-NavbarTemp==0.11) (2.6.1)
2018-11-05 16:38:29,916 > Requirement already satisfied: wrapt<1.11,>=1.10.11 in /home/pi/oprint/lib/python2.7/site-packages (from OctoPrint->OctoPrint-NavbarTemp==0.11) (1.10.11)
2018-11-05 16:38:29,917 > Requirement already satisfied: futures<3.2,>=3.1.1 in /home/pi/oprint/lib/python2.7/site-packages (from OctoPrint->OctoPrint-NavbarTemp==0.11) (3.1.1)
2018-11-05 16:38:29,917 > Requirement already satisfied: emoji<0.5,>=0.4.5 in /home/pi/oprint/lib/python2.7/site-packages (from OctoPrint->OctoPrint-NavbarTemp==0.11) (0.4.5)
2018-11-05 16:38:29,917 > Requirement already satisfied: monotonic<1.4,>=1.3 in /home/pi/oprint/lib/python2.7/site-packages (from OctoPrint->OctoPrint-NavbarTemp==0.11) (1.3)
2018-11-05 16:38:29,917 > Requirement already satisfied: frozendict<1.3,>=1.2 in /home/pi/oprint/lib/python2.7/site-packages (from OctoPrint->OctoPrint-NavbarTemp==0.11) (1.2)
2018-11-05 16:38:29,918 > Requirement already satisfied: itsdangerous>=0.21 in /home/pi/oprint/lib/python2.7/site-packages (from flask<0.11,>=0.10.1->OctoPrint->OctoPrint-NavbarTemp==0.11) (0.24)
2018-11-05 16:38:29,918 > Requirement already satisfied: MarkupSafe in /home/pi/oprint/lib/python2.7/site-packages (from Jinja2<2.9,>=2.8.1->OctoPrint->OctoPrint-NavbarTemp==0.11) (1.0)
2018-11-05 16:38:29,918 > Requirement already satisfied: singledispatch in /home/pi/oprint/lib/python2.7/site-packages (from tornado==4.5.3->OctoPrint->OctoPrint-NavbarTemp==0.11) (3.4.0.3)
2018-11-05 16:38:29,919 > Requirement already satisfied: certifi in /home/pi/oprint/lib/python2.7/site-packages (from tornado==4.5.3->OctoPrint->OctoPrint-NavbarTemp==0.11) (2018.4.16)
2018-11-05 16:38:29,919 > Requirement already satisfied: backports-abc>=0.4 in /home/pi/oprint/lib/python2.7/site-packages (from tornado==4.5.3->OctoPrint->OctoPrint-NavbarTemp==0.11) (0.5)
2018-11-05 16:38:29,919 > Requirement already satisfied: blinker in /home/pi/oprint/lib/python2.7/site-packages (from Flask-Principal<0.4,>=0.3.5->OctoPrint->OctoPrint-NavbarTemp==0.11) (1.4)
2018-11-05 16:38:29,920 > Requirement already satisfied: Babel>=1.0 in /home/pi/oprint/lib/python2.7/site-packages (from Flask-Babel<0.10,>=0.9->OctoPrint->OctoPrint-NavbarTemp==0.11) (2.5.3)
2018-11-05 16:38:29,920 > Requirement already satisfied: speaklater>=1.2 in /home/pi/oprint/lib/python2.7/site-packages (from Flask-Babel<0.10,>=0.9->OctoPrint->OctoPrint-NavbarTemp==0.11) (1.3)
2018-11-05 16:38:29,920 > Requirement already satisfied: webassets>=0.10 in /home/pi/oprint/lib/python2.7/site-packages (from Flask-Assets<0.11,>=0.10->OctoPrint->OctoPrint-NavbarTemp==0.11) (0.12.1)
2018-11-05 16:38:29,920 > Requirement already satisfied: argh>=0.24.1 in /home/pi/oprint/lib/python2.7/site-packages (from watchdog<0.9,>=0.8.3->OctoPrint->OctoPrint-NavbarTemp==0.11) (0.26.2)
2018-11-05 16:38:29,921 > Requirement already satisfied: pathtools>=0.1.1 in /home/pi/oprint/lib/python2.7/site-packages (from watchdog<0.9,>=0.8.3->OctoPrint->OctoPrint-NavbarTemp==0.11) (0.1.2)
2018-11-05 16:38:29,921 > Requirement already satisfied: pyasn1>=0.1.3 in /home/pi/oprint/lib/python2.7/site-packages (from rsa<3.3,>=3.2.3->OctoPrint->OctoPrint-NavbarTemp==0.11) (0.4.2)
2018-11-05 16:38:29,921 > Requirement already satisfied: urllib3<1.23,>=1.21.1 in /home/pi/oprint/lib/python2.7/site-packages (from requests<3,>=2.18.4->OctoPrint->OctoPrint-NavbarTemp==0.11) (1.22)
2018-11-05 16:38:29,922 > Requirement already satisfied: idna<2.7,>=2.5 in /home/pi/oprint/lib/python2.7/site-packages (from requests<3,>=2.18.4->OctoPrint->OctoPrint-NavbarTemp==0.11) (2.6)
2018-11-05 16:38:29,922 > Requirement already satisfied: chardet<3.1.0,>=3.0.2 in /home/pi/oprint/lib/python2.7/site-packages (from requests<3,>=2.18.4->OctoPrint->OctoPrint-NavbarTemp==0.11) (3.0.4)
2018-11-05 16:38:29,922 > Requirement already satisfied: Unidecode<0.05,>=0.04.14 in /home/pi/oprint/lib/python2.7/site-packages (from awesome-slugify<1.7,>=1.6.5->OctoPrint->OctoPrint-NavbarTemp==0.11) (0.4.21)
2018-11-05 16:38:29,923 > Requirement already satisfied: regex in /home/pi/oprint/lib/python2.7/site-packages (from awesome-slugify<1.7,>=1.6.5->OctoPrint->OctoPrint-NavbarTemp==0.11) (2018.2.21)
2018-11-05 16:38:29,923 > Requirement already satisfied: six in /home/pi/oprint/lib/python2.7/site-packages (from websocket-client<0.41,>=0.40.0->OctoPrint->OctoPrint-NavbarTemp==0.11) (1.11.0)
2018-11-05 16:38:29,923 > Requirement already satisfied: pytz>=0a in /home/pi/oprint/lib/python2.7/site-packages (from Babel>=1.0->Flask-Babel<0.10,>=0.9->OctoPrint->OctoPrint-NavbarTemp==0.11) (2018.4)
2018-11-05 16:38:29,924 > Installing collected packages: OctoPrint-NavbarTemp
2018-11-05 16:38:29,924 > Running setup.py install for OctoPrint-NavbarTemp: started
2018-11-05 16:38:32,205 > Running setup.py install for OctoPrint-NavbarTemp: finished with status 'done'
2018-11-05 16:38:32,205 > Successfully installed OctoPrint-NavbarTemp-0.11
